{"/home/daniel/codenation/nodejs-12/src/index.js": {"path":"/home/daniel/codenation/nodejs-12/src/index.js","statementMap":{"0":{"start":{"line":1,"column":19},"end":{"line":1,"column":77}},"1":{"start":{"line":3,"column":1},"end":{"line":3,"column":63}},"2":{"start":{"line":3,"column":37},"end":{"line":3,"column":61}},"3":{"start":{"line":6,"column":13},"end":{"line":6,"column":15}},"4":{"start":{"line":7,"column":1},"end":{"line":13,"column":2}},"5":{"start":{"line":8,"column":2},"end":{"line":11,"column":3}},"6":{"start":{"line":9,"column":3},"end":{"line":9,"column":32}},"7":{"start":{"line":10,"column":3},"end":{"line":10,"column":12}},"8":{"start":{"line":12,"column":2},"end":{"line":12,"column":30}},"9":{"start":{"line":14,"column":22},"end":{"line":14,"column":49}},"10":{"start":{"line":15,"column":1},"end":{"line":15,"column":37}},"11":{"start":{"line":18,"column":1},"end":{"line":22,"column":2}},"12":{"start":{"line":19,"column":2},"end":{"line":21,"column":3}},"13":{"start":{"line":20,"column":3},"end":{"line":20,"column":18}},"14":{"start":{"line":23,"column":1},"end":{"line":23,"column":10}},"15":{"start":{"line":26,"column":12},"end":{"line":29,"column":9}},"16":{"start":{"line":27,"column":22},"end":{"line":27,"column":64}},"17":{"start":{"line":28,"column":2},"end":{"line":28,"column":78}},"18":{"start":{"line":30,"column":1},"end":{"line":30,"column":13}},"19":{"start":{"line":34,"column":18},"end":{"line":34,"column":52}},"20":{"start":{"line":35,"column":19},"end":{"line":35,"column":41}},"21":{"start":{"line":36,"column":40},"end":{"line":36,"column":88}},"22":{"start":{"line":37,"column":1},"end":{"line":48,"column":3}},"23":{"start":{"line":39,"column":3},"end":{"line":42,"column":5}},"24":{"start":{"line":51,"column":0},"end":{"line":51,"column":112}}},"fnMap":{"0":{"name":"getProductsByIDs","decl":{"start":{"line":2,"column":9},"end":{"line":2,"column":25}},"loc":{"start":{"line":2,"column":43},"end":{"line":4,"column":1}},"line":2},"1":{"name":"(anonymous_1)","decl":{"start":{"line":3,"column":28},"end":{"line":3,"column":29}},"loc":{"start":{"line":3,"column":37},"end":{"line":3,"column":61}},"line":3},"2":{"name":"getPromotion","decl":{"start":{"line":5,"column":9},"end":{"line":5,"column":21}},"loc":{"start":{"line":5,"column":31},"end":{"line":16,"column":1}},"line":5},"3":{"name":"getDiscontPrice","decl":{"start":{"line":17,"column":9},"end":{"line":17,"column":24}},"loc":{"start":{"line":17,"column":46},"end":{"line":24,"column":1}},"line":17},"4":{"name":"getTotalPriceAndDiscontPrice","decl":{"start":{"line":25,"column":9},"end":{"line":25,"column":37}},"loc":{"start":{"line":25,"column":57},"end":{"line":31,"column":1}},"line":25},"5":{"name":"(anonymous_5)","decl":{"start":{"line":26,"column":28},"end":{"line":26,"column":29}},"loc":{"start":{"line":26,"column":40},"end":{"line":29,"column":2}},"line":26},"6":{"name":"getShoppingCart","decl":{"start":{"line":32,"column":9},"end":{"line":32,"column":24}},"loc":{"start":{"line":32,"column":44},"end":{"line":49,"column":1}},"line":32},"7":{"name":"(anonymous_7)","decl":{"start":{"line":38,"column":28},"end":{"line":38,"column":29}},"loc":{"start":{"line":38,"column":31},"end":{"line":43,"column":3}},"line":38}},"branchMap":{"0":{"loc":{"start":{"line":8,"column":2},"end":{"line":11,"column":3}},"type":"if","locations":[{"start":{"line":8,"column":2},"end":{"line":11,"column":3}},{"start":{"line":8,"column":2},"end":{"line":11,"column":3}}],"line":8},"1":{"loc":{"start":{"line":19,"column":2},"end":{"line":21,"column":3}},"type":"if","locations":[{"start":{"line":19,"column":2},"end":{"line":21,"column":3}},{"start":{"line":19,"column":2},"end":{"line":21,"column":3}}],"line":19},"2":{"loc":{"start":{"line":28,"column":43},"end":{"line":28,"column":75}},"type":"binary-expr","locations":[{"start":{"line":28,"column":43},"end":{"line":28,"column":56}},{"start":{"line":28,"column":58},"end":{"line":28,"column":75}}],"line":28}},"s":{"0":1,"1":1,"2":25,"3":4,"4":4,"5":16,"6":6,"7":6,"8":10,"9":4,"10":4,"11":6,"12":6,"13":4,"14":2,"15":1,"16":4,"17":4,"18":1,"19":0,"20":0,"21":0,"22":0,"23":0,"24":1},"f":{"0":1,"1":25,"2":4,"3":6,"4":1,"5":4,"6":0,"7":0},"b":{"0":[6,10],"1":[4,2],"2":[4,1]},"_coverageSchema":"1a1c01bbd47fc00a2c39e90264f33305004495a9","hash":"4558c82c8d4b4101fac4863015c32965859d9dc0"}
}
