TN:
SF:src/index.js
FN:2,getProductsByIDs
FN:3,(anonymous_1)
FN:5,getPromotion
FN:17,getDiscontPrice
FN:25,getTotalPriceAndDiscontPrice
FN:26,(anonymous_5)
FN:32,getShoppingCart
FN:38,(anonymous_7)
FNF:8
FNH:6
FNDA:1,getProductsByIDs
FNDA:25,(anonymous_1)
FNDA:4,getPromotion
FNDA:6,getDiscontPrice
FNDA:1,getTotalPriceAndDiscontPrice
FNDA:4,(anonymous_5)
FNDA:0,getShoppingCart
FNDA:0,(anonymous_7)
DA:1,1
DA:3,25
DA:6,4
DA:7,4
DA:8,16
DA:9,6
DA:10,6
DA:12,10
DA:14,4
DA:15,4
DA:18,6
DA:19,6
DA:20,4
DA:23,2
DA:26,1
DA:27,4
DA:28,4
DA:30,1
DA:34,0
DA:35,0
DA:36,0
DA:37,0
DA:39,0
DA:51,1
LF:24
LH:19
BRDA:8,0,0,6
BRDA:8,0,1,10
BRDA:19,1,0,4
BRDA:19,1,1,2
BRDA:28,2,0,4
BRDA:28,2,1,1
BRF:6
BRH:6
end_of_record
